[2023-05-16 10:43:20Z INFO HostContext] No proxy settings were found based on environmental variables (http_proxy/https_proxy/HTTP_PROXY/HTTPS_PROXY)
[2023-05-16 10:43:20Z INFO HostContext] Well known directory 'Bin': 'C:\Users\prome\Documents\Data\CICDDemo\ci-cd\action-runners\bin'
[2023-05-16 10:43:20Z INFO HostContext] Well known directory 'Root': 'C:\Users\prome\Documents\Data\CICDDemo\ci-cd\action-runners'
[2023-05-16 10:43:20Z INFO HostContext] Well known config file 'Credentials': 'C:\Users\prome\Documents\Data\CICDDemo\ci-cd\action-runners\.credentials'
[2023-05-16 10:43:20Z INFO HostContext] Well known directory 'Bin': 'C:\Users\prome\Documents\Data\CICDDemo\ci-cd\action-runners\bin'
[2023-05-16 10:43:20Z INFO HostContext] Well known directory 'Root': 'C:\Users\prome\Documents\Data\CICDDemo\ci-cd\action-runners'
[2023-05-16 10:43:20Z INFO HostContext] Well known config file 'Runner': 'C:\Users\prome\Documents\Data\CICDDemo\ci-cd\action-runners\.runner'
[2023-05-16 10:43:20Z INFO Listener] Runner is built for Windows (X64) - win-x64.
[2023-05-16 10:43:20Z INFO Listener] RuntimeInformation: Microsoft Windows 10.0.22000.
[2023-05-16 10:43:20Z INFO Listener] Version: 2.304.0
[2023-05-16 10:43:20Z INFO Listener] Commit: 9ef4121b5b31ee5c03b7770288213d741081f747
[2023-05-16 10:43:20Z INFO Listener] Culture: en-IN
[2023-05-16 10:43:20Z INFO Listener] UI Culture: en-US
[2023-05-16 10:43:20Z INFO HostContext] Well known directory 'Bin': 'C:\Users\prome\Documents\Data\CICDDemo\ci-cd\action-runners\bin'
[2023-05-16 10:43:20Z INFO HostContext] Well known directory 'Root': 'C:\Users\prome\Documents\Data\CICDDemo\ci-cd\action-runners'
[2023-05-16 10:43:20Z INFO Listener] Validating directory permissions for: 'C:\Users\prome\Documents\Data\CICDDemo\ci-cd\action-runners'
[2023-05-16 10:43:20Z INFO CommandLineParser] Parse
[2023-05-16 10:43:20Z INFO CommandLineParser] Parsing 1 args
[2023-05-16 10:43:20Z INFO CommandLineParser] parsing argument
[2023-05-16 10:43:20Z INFO CommandLineParser] HasArgs: False
[2023-05-16 10:43:20Z INFO CommandLineParser] Adding Command: run
[2023-05-16 10:43:20Z INFO Listener] Arguments parsed
[2023-05-16 10:43:20Z INFO Runner] ExecuteCommand
[2023-05-16 10:43:20Z INFO ConfigurationStore] currentAssemblyLocation: C:\Users\prome\Documents\Data\CICDDemo\ci-cd\action-runners\bin\Runner.Listener.dll
[2023-05-16 10:43:20Z INFO HostContext] Well known directory 'Bin': 'C:\Users\prome\Documents\Data\CICDDemo\ci-cd\action-runners\bin'
[2023-05-16 10:43:20Z INFO ConfigurationStore] binPath: C:\Users\prome\Documents\Data\CICDDemo\ci-cd\action-runners\bin
[2023-05-16 10:43:20Z INFO HostContext] Well known directory 'Bin': 'C:\Users\prome\Documents\Data\CICDDemo\ci-cd\action-runners\bin'
[2023-05-16 10:43:20Z INFO HostContext] Well known directory 'Root': 'C:\Users\prome\Documents\Data\CICDDemo\ci-cd\action-runners'
[2023-05-16 10:43:20Z INFO ConfigurationStore] RootFolder: C:\Users\prome\Documents\Data\CICDDemo\ci-cd\action-runners
[2023-05-16 10:43:20Z INFO HostContext] Well known directory 'Bin': 'C:\Users\prome\Documents\Data\CICDDemo\ci-cd\action-runners\bin'
[2023-05-16 10:43:20Z INFO HostContext] Well known directory 'Root': 'C:\Users\prome\Documents\Data\CICDDemo\ci-cd\action-runners'
[2023-05-16 10:43:20Z INFO HostContext] Well known config file 'Runner': 'C:\Users\prome\Documents\Data\CICDDemo\ci-cd\action-runners\.runner'
[2023-05-16 10:43:20Z INFO ConfigurationStore] ConfigFilePath: C:\Users\prome\Documents\Data\CICDDemo\ci-cd\action-runners\.runner
[2023-05-16 10:43:20Z INFO HostContext] Well known directory 'Bin': 'C:\Users\prome\Documents\Data\CICDDemo\ci-cd\action-runners\bin'
[2023-05-16 10:43:20Z INFO HostContext] Well known directory 'Root': 'C:\Users\prome\Documents\Data\CICDDemo\ci-cd\action-runners'
[2023-05-16 10:43:20Z INFO HostContext] Well known config file 'Credentials': 'C:\Users\prome\Documents\Data\CICDDemo\ci-cd\action-runners\.credentials'
[2023-05-16 10:43:20Z INFO ConfigurationStore] CredFilePath: C:\Users\prome\Documents\Data\CICDDemo\ci-cd\action-runners\.credentials
[2023-05-16 10:43:20Z INFO HostContext] Well known directory 'Bin': 'C:\Users\prome\Documents\Data\CICDDemo\ci-cd\action-runners\bin'
[2023-05-16 10:43:20Z INFO HostContext] Well known directory 'Root': 'C:\Users\prome\Documents\Data\CICDDemo\ci-cd\action-runners'
[2023-05-16 10:43:20Z INFO HostContext] Well known config file 'MigratedCredentials': 'C:\Users\prome\Documents\Data\CICDDemo\ci-cd\action-runners\.credentials_migrated'
[2023-05-16 10:43:20Z INFO ConfigurationStore] MigratedCredFilePath: C:\Users\prome\Documents\Data\CICDDemo\ci-cd\action-runners\.credentials_migrated
[2023-05-16 10:43:20Z INFO HostContext] Well known directory 'Bin': 'C:\Users\prome\Documents\Data\CICDDemo\ci-cd\action-runners\bin'
[2023-05-16 10:43:20Z INFO HostContext] Well known directory 'Root': 'C:\Users\prome\Documents\Data\CICDDemo\ci-cd\action-runners'
[2023-05-16 10:43:20Z INFO HostContext] Well known config file 'Service': 'C:\Users\prome\Documents\Data\CICDDemo\ci-cd\action-runners\.service'
[2023-05-16 10:43:20Z INFO ConfigurationStore] ServiceConfigFilePath: C:\Users\prome\Documents\Data\CICDDemo\ci-cd\action-runners\.service
[2023-05-16 10:43:20Z INFO CommandSettings] Flag 'help': 'False'
[2023-05-16 10:43:20Z INFO CommandSettings] Flag 'version': 'False'
[2023-05-16 10:43:20Z INFO CommandSettings] Flag 'commit': 'False'
[2023-05-16 10:43:20Z INFO CommandSettings] Flag 'check': 'False'
[2023-05-16 10:43:20Z INFO CommandSettings] Command 'configure': 'False'
[2023-05-16 10:43:20Z INFO CommandSettings] Command 'remove': 'False'
[2023-05-16 10:43:20Z INFO CommandSettings] Command 'warmup': 'False'
[2023-05-16 10:43:20Z INFO ConfigurationManager] LoadSettings
[2023-05-16 10:43:20Z INFO ConfigurationStore] IsConfigured()
[2023-05-16 10:43:20Z INFO ConfigurationStore] IsConfigured: True
[2023-05-16 10:43:20Z INFO ConfigurationManager] Is configured: True
[2023-05-16 10:43:20Z INFO ConfigurationStore] Read setting file: 299 chars
[2023-05-16 10:43:20Z INFO ConfigurationManager] Settings Loaded
[2023-05-16 10:43:20Z INFO ConfigurationStore] IsServiceConfigured()
[2023-05-16 10:43:20Z INFO ConfigurationStore] IsServiceConfigured: False
[2023-05-16 10:43:20Z INFO CommandSettings] Command 'run': 'True'
[2023-05-16 10:43:20Z INFO ConfigurationStore] IsConfigured()
[2023-05-16 10:43:20Z INFO ConfigurationStore] IsConfigured: True
[2023-05-16 10:43:20Z INFO ConfigurationManager] Is configured: True
[2023-05-16 10:43:20Z INFO Runner] Could not parse the argument value '' for StartupType. Defaulting to Manual
[2023-05-16 10:43:20Z INFO Runner] Set runner startup type - Manual
[2023-05-16 10:43:20Z INFO CommandSettings] Flag 'once': 'False'
[2023-05-16 10:43:20Z INFO CommandSettings] Flag 'once': 'False'
[2023-05-16 10:43:20Z INFO Runner] RunAsync
[2023-05-16 10:43:20Z INFO ConfigurationManager] LoadSettings
[2023-05-16 10:43:20Z INFO ConfigurationStore] IsConfigured()
[2023-05-16 10:43:20Z INFO ConfigurationStore] IsConfigured: True
[2023-05-16 10:43:20Z INFO ConfigurationManager] Is configured: True
[2023-05-16 10:43:20Z INFO ConfigurationManager] Settings Loaded
[2023-05-16 10:43:20Z INFO MessageListener] {
  "AgentId": 2,
  "AgentName": "DESKTOP-N0293L2",
  "PoolId": 1,
  "PoolName": "Default",
  "ServerUrl": "https://pipelines.actions.githubusercontent.com/xuNdBZAW3Ie299oaGNIy4lFrr9yUS0fV2hFuOH3v9e6AyTxsA4",
  "GitHubUrl": "https://github.com/pujangid/CI-CD-Demo",
  "WorkFolder": "_work"
}
[2023-05-16 10:43:20Z INFO MessageListener] Loading Credentials
[2023-05-16 10:43:20Z INFO ConfigurationStore] HasCredentials()
[2023-05-16 10:43:20Z INFO ConfigurationStore] stored True
[2023-05-16 10:43:20Z INFO CredentialManager] GetCredentialProvider
[2023-05-16 10:43:20Z INFO CredentialManager] Creating type OAuth
[2023-05-16 10:43:20Z INFO CredentialManager] Creating credential type: OAuth
[2023-05-16 10:43:20Z INFO HostContext] Well known directory 'Bin': 'C:\Users\prome\Documents\Data\CICDDemo\ci-cd\action-runners\bin'
[2023-05-16 10:43:20Z INFO HostContext] Well known directory 'Root': 'C:\Users\prome\Documents\Data\CICDDemo\ci-cd\action-runners'
[2023-05-16 10:43:20Z INFO HostContext] Well known config file 'RSACredentials': 'C:\Users\prome\Documents\Data\CICDDemo\ci-cd\action-runners\.credentials_rsaparams'
[2023-05-16 10:43:20Z INFO RSAEncryptedFileKeyManager] Loading RSA key parameters from file C:\Users\prome\Documents\Data\CICDDemo\ci-cd\action-runners\.credentials_rsaparams
[2023-05-16 10:43:20Z INFO MessageListener] Attempt to create session.
[2023-05-16 10:43:20Z INFO MessageListener] Connecting to the Runner Server...
[2023-05-16 10:43:20Z INFO RunnerServer] EstablishVssConnection
[2023-05-16 10:43:20Z INFO RunnerServer] Establish connection with 100 seconds timeout.
[2023-05-16 10:43:21Z INFO GitHubActionsService] Starting operation Location.GetConnectionData
[2023-05-16 10:43:21Z INFO RunnerServer] EstablishVssConnection
[2023-05-16 10:43:21Z INFO RunnerServer] Establish connection with 60 seconds timeout.
[2023-05-16 10:43:21Z INFO GitHubActionsService] Starting operation Location.GetConnectionData
[2023-05-16 10:43:21Z INFO RunnerServer] EstablishVssConnection
[2023-05-16 10:43:21Z INFO RunnerServer] Establish connection with 60 seconds timeout.
[2023-05-16 10:43:21Z INFO GitHubActionsService] Starting operation Location.GetConnectionData
[2023-05-16 10:43:21Z INFO GitHubActionsService] Finished operation Location.GetConnectionData
[2023-05-16 10:43:21Z INFO GitHubActionsService] Finished operation Location.GetConnectionData
[2023-05-16 10:43:22Z INFO GitHubActionsService] Finished operation Location.GetConnectionData
[2023-05-16 10:43:22Z INFO MessageListener] VssConnection created
[2023-05-16 10:43:22Z INFO Terminal] WRITE LINE: 
[2023-05-16 10:43:22Z INFO Terminal] WRITE LINE: 
[2023-05-16 10:43:22Z INFO RSAEncryptedFileKeyManager] Loading RSA key parameters from file C:\Users\prome\Documents\Data\CICDDemo\ci-cd\action-runners\.credentials_rsaparams
[2023-05-16 10:43:22Z INFO RSAEncryptedFileKeyManager] Loading RSA key parameters from file C:\Users\prome\Documents\Data\CICDDemo\ci-cd\action-runners\.credentials_rsaparams
[2023-05-16 10:43:22Z INFO GitHubActionsService] AAD Correlation ID for this token request: Unknown
[2023-05-16 10:43:22Z INFO MessageListener] Session created.
[2023-05-16 10:43:22Z INFO Terminal] WRITE LINE: Current runner version: '2.304.0'
[2023-05-16 10:43:22Z INFO Terminal] WRITE LINE: 2023-05-16 10:43:22Z: Listening for Jobs
[2023-05-16 10:43:23Z INFO JobDispatcher] Set runner/worker IPC timeout to 30 seconds.
