[2023-05-16 10:42:09Z INFO HostContext] No proxy settings were found based on environmental variables (http_proxy/https_proxy/HTTP_PROXY/HTTPS_PROXY)
[2023-05-16 10:42:09Z INFO HostContext] Well known directory 'Bin': 'C:\Users\prome\Documents\Data\CICDDemo\ci-cd\action-runners\bin'
[2023-05-16 10:42:09Z INFO HostContext] Well known directory 'Root': 'C:\Users\prome\Documents\Data\CICDDemo\ci-cd\action-runners'
[2023-05-16 10:42:09Z INFO HostContext] Well known config file 'Credentials': 'C:\Users\prome\Documents\Data\CICDDemo\ci-cd\action-runners\.credentials'
[2023-05-16 10:42:09Z INFO HostContext] Well known directory 'Bin': 'C:\Users\prome\Documents\Data\CICDDemo\ci-cd\action-runners\bin'
[2023-05-16 10:42:09Z INFO HostContext] Well known directory 'Root': 'C:\Users\prome\Documents\Data\CICDDemo\ci-cd\action-runners'
[2023-05-16 10:42:09Z INFO HostContext] Well known config file 'Runner': 'C:\Users\prome\Documents\Data\CICDDemo\ci-cd\action-runners\.runner'
[2023-05-16 10:42:09Z INFO Listener] Runner is built for Windows (X64) - win-x64.
[2023-05-16 10:42:09Z INFO Listener] RuntimeInformation: Microsoft Windows 10.0.22000.
[2023-05-16 10:42:09Z INFO Listener] Version: 2.304.0
[2023-05-16 10:42:09Z INFO Listener] Commit: 9ef4121b5b31ee5c03b7770288213d741081f747
[2023-05-16 10:42:09Z INFO Listener] Culture: en-IN
[2023-05-16 10:42:09Z INFO Listener] UI Culture: en-US
[2023-05-16 10:42:09Z INFO HostContext] Well known directory 'Bin': 'C:\Users\prome\Documents\Data\CICDDemo\ci-cd\action-runners\bin'
[2023-05-16 10:42:09Z INFO HostContext] Well known directory 'Root': 'C:\Users\prome\Documents\Data\CICDDemo\ci-cd\action-runners'
[2023-05-16 10:42:09Z INFO Listener] Validating directory permissions for: 'C:\Users\prome\Documents\Data\CICDDemo\ci-cd\action-runners'
[2023-05-16 10:42:09Z INFO CommandLineParser] Parse
[2023-05-16 10:42:09Z INFO CommandLineParser] Parsing 5 args
[2023-05-16 10:42:09Z INFO CommandLineParser] parsing argument
[2023-05-16 10:42:09Z INFO CommandLineParser] HasArgs: False
[2023-05-16 10:42:09Z INFO CommandLineParser] Adding Command: configure
[2023-05-16 10:42:09Z INFO CommandLineParser] parsing argument
[2023-05-16 10:42:09Z INFO CommandLineParser] HasArgs: True
[2023-05-16 10:42:09Z INFO CommandLineParser] arg: url
[2023-05-16 10:42:09Z INFO CommandLineParser] parsing argument
[2023-05-16 10:42:09Z INFO CommandLineParser] HasArgs: True
[2023-05-16 10:42:09Z INFO CommandLineParser] Adding option 'url': 'https://github.com/pujangid/CI-CD-Demo'
[2023-05-16 10:42:09Z INFO CommandLineParser] parsing argument
[2023-05-16 10:42:09Z INFO CommandLineParser] HasArgs: True
[2023-05-16 10:42:09Z INFO CommandLineParser] arg: token
[2023-05-16 10:42:09Z INFO CommandLineParser] parsing argument
[2023-05-16 10:42:09Z INFO CommandLineParser] HasArgs: True
[2023-05-16 10:42:09Z INFO CommandLineParser] Adding option 'token': '***'
[2023-05-16 10:42:09Z INFO Listener] Arguments parsed
[2023-05-16 10:42:10Z INFO Runner] ExecuteCommand
[2023-05-16 10:42:10Z INFO ConfigurationStore] currentAssemblyLocation: C:\Users\prome\Documents\Data\CICDDemo\ci-cd\action-runners\bin\Runner.Listener.dll
[2023-05-16 10:42:10Z INFO HostContext] Well known directory 'Bin': 'C:\Users\prome\Documents\Data\CICDDemo\ci-cd\action-runners\bin'
[2023-05-16 10:42:10Z INFO ConfigurationStore] binPath: C:\Users\prome\Documents\Data\CICDDemo\ci-cd\action-runners\bin
[2023-05-16 10:42:10Z INFO HostContext] Well known directory 'Bin': 'C:\Users\prome\Documents\Data\CICDDemo\ci-cd\action-runners\bin'
[2023-05-16 10:42:10Z INFO HostContext] Well known directory 'Root': 'C:\Users\prome\Documents\Data\CICDDemo\ci-cd\action-runners'
[2023-05-16 10:42:10Z INFO ConfigurationStore] RootFolder: C:\Users\prome\Documents\Data\CICDDemo\ci-cd\action-runners
[2023-05-16 10:42:10Z INFO HostContext] Well known directory 'Bin': 'C:\Users\prome\Documents\Data\CICDDemo\ci-cd\action-runners\bin'
[2023-05-16 10:42:10Z INFO HostContext] Well known directory 'Root': 'C:\Users\prome\Documents\Data\CICDDemo\ci-cd\action-runners'
[2023-05-16 10:42:10Z INFO HostContext] Well known config file 'Runner': 'C:\Users\prome\Documents\Data\CICDDemo\ci-cd\action-runners\.runner'
[2023-05-16 10:42:10Z INFO ConfigurationStore] ConfigFilePath: C:\Users\prome\Documents\Data\CICDDemo\ci-cd\action-runners\.runner
[2023-05-16 10:42:10Z INFO HostContext] Well known directory 'Bin': 'C:\Users\prome\Documents\Data\CICDDemo\ci-cd\action-runners\bin'
[2023-05-16 10:42:10Z INFO HostContext] Well known directory 'Root': 'C:\Users\prome\Documents\Data\CICDDemo\ci-cd\action-runners'
[2023-05-16 10:42:10Z INFO HostContext] Well known config file 'Credentials': 'C:\Users\prome\Documents\Data\CICDDemo\ci-cd\action-runners\.credentials'
[2023-05-16 10:42:10Z INFO ConfigurationStore] CredFilePath: C:\Users\prome\Documents\Data\CICDDemo\ci-cd\action-runners\.credentials
[2023-05-16 10:42:10Z INFO HostContext] Well known directory 'Bin': 'C:\Users\prome\Documents\Data\CICDDemo\ci-cd\action-runners\bin'
[2023-05-16 10:42:10Z INFO HostContext] Well known directory 'Root': 'C:\Users\prome\Documents\Data\CICDDemo\ci-cd\action-runners'
[2023-05-16 10:42:10Z INFO HostContext] Well known config file 'MigratedCredentials': 'C:\Users\prome\Documents\Data\CICDDemo\ci-cd\action-runners\.credentials_migrated'
[2023-05-16 10:42:10Z INFO ConfigurationStore] MigratedCredFilePath: C:\Users\prome\Documents\Data\CICDDemo\ci-cd\action-runners\.credentials_migrated
[2023-05-16 10:42:10Z INFO HostContext] Well known directory 'Bin': 'C:\Users\prome\Documents\Data\CICDDemo\ci-cd\action-runners\bin'
[2023-05-16 10:42:10Z INFO HostContext] Well known directory 'Root': 'C:\Users\prome\Documents\Data\CICDDemo\ci-cd\action-runners'
[2023-05-16 10:42:10Z INFO HostContext] Well known config file 'Service': 'C:\Users\prome\Documents\Data\CICDDemo\ci-cd\action-runners\.service'
[2023-05-16 10:42:10Z INFO ConfigurationStore] ServiceConfigFilePath: C:\Users\prome\Documents\Data\CICDDemo\ci-cd\action-runners\.service
[2023-05-16 10:42:10Z INFO CommandSettings] Flag 'help': 'False'
[2023-05-16 10:42:10Z INFO CommandSettings] Flag 'version': 'False'
[2023-05-16 10:42:10Z INFO CommandSettings] Flag 'commit': 'False'
[2023-05-16 10:42:10Z INFO CommandSettings] Flag 'check': 'False'
[2023-05-16 10:42:10Z INFO CommandSettings] Command 'configure': 'True'
[2023-05-16 10:42:10Z INFO Terminal] WRITE LINE: 
[2023-05-16 10:42:10Z INFO Terminal] WRITE LINE: --------------------------------------------------------------------------------
[2023-05-16 10:42:10Z INFO Terminal] WRITE LINE: |        ____ _ _   _   _       _          _        _   _                      |
[2023-05-16 10:42:10Z INFO Terminal] WRITE LINE: |       / ___(_) |_| | | |_   _| |__      / \   ___| |_(_) ___  _ __  ___      |
[2023-05-16 10:42:10Z INFO Terminal] WRITE LINE: |      | |  _| | __| |_| | | | | '_ \    / _ \ / __| __| |/ _ \| '_ \/ __|     |
[2023-05-16 10:42:10Z INFO Terminal] WRITE LINE: |      | |_| | | |_|  _  | |_| | |_) |  / ___ \ (__| |_| | (_) | | | \__ \     |
[2023-05-16 10:42:10Z INFO Terminal] WRITE LINE: |       \____|_|\__|_| |_|\__,_|_.__/  /_/   \_\___|\__|_|\___/|_| |_|___/     |
[2023-05-16 10:42:10Z INFO Terminal] WRITE LINE: |                                                                              |
[2023-05-16 10:42:10Z INFO Terminal] WRITE: |                       
[2023-05-16 10:42:10Z INFO Terminal] WRITE: Self-hosted runner registration
[2023-05-16 10:42:10Z INFO Terminal] WRITE LINE:                         |
[2023-05-16 10:42:10Z INFO Terminal] WRITE LINE: |                                                                              |
[2023-05-16 10:42:10Z INFO Terminal] WRITE LINE: --------------------------------------------------------------------------------
[2023-05-16 10:42:10Z INFO ConfigurationManager] ConfigureAsync
[2023-05-16 10:42:10Z INFO CommandSettings] Flag 'generateServiceConfig': 'False'
[2023-05-16 10:42:10Z INFO ConfigurationStore] IsConfigured()
[2023-05-16 10:42:10Z INFO ConfigurationStore] IsConfigured: False
[2023-05-16 10:42:10Z INFO ConfigurationManager] Is configured: False
[2023-05-16 10:42:10Z INFO CommandSettings] Arg 'url': 'https://github.com/pujangid/CI-CD-Demo'
[2023-05-16 10:42:10Z INFO CommandSettings] Remove url from Arg dictionary.
[2023-05-16 10:42:10Z INFO CommandSettings] Arg 'token': '***'
[2023-05-16 10:42:10Z INFO CommandSettings] Remove token from Arg dictionary.
[2023-05-16 10:42:10Z INFO ConfigurationManager] Http response code: OK from 'POST https://api.github.com/actions/runner-registration' (EAE5:7975:13C6DB8:15A8E90:64635E02)
[2023-05-16 10:42:10Z INFO Terminal] WRITE LINE: Using V2 flow: False
[2023-05-16 10:42:10Z INFO ConfigurationManager] cred retrieved via GitHub auth
[2023-05-16 10:42:10Z INFO RunnerServer] EstablishVssConnection
[2023-05-16 10:42:10Z INFO RunnerServer] Establish connection with 100 seconds timeout.
[2023-05-16 10:42:10Z INFO GitHubActionsService] Starting operation Location.GetConnectionData
[2023-05-16 10:42:10Z INFO RunnerServer] EstablishVssConnection
[2023-05-16 10:42:10Z INFO RunnerServer] Establish connection with 60 seconds timeout.
[2023-05-16 10:42:10Z INFO GitHubActionsService] Starting operation Location.GetConnectionData
[2023-05-16 10:42:10Z INFO RunnerServer] EstablishVssConnection
[2023-05-16 10:42:10Z INFO RunnerServer] Establish connection with 60 seconds timeout.
[2023-05-16 10:42:10Z INFO GitHubActionsService] Starting operation Location.GetConnectionData
[2023-05-16 10:42:12Z INFO GitHubActionsService] Finished operation Location.GetConnectionData
[2023-05-16 10:42:13Z INFO GitHubActionsService] Finished operation Location.GetConnectionData
[2023-05-16 10:42:13Z INFO GitHubActionsService] Finished operation Location.GetConnectionData
[2023-05-16 10:42:13Z INFO Terminal] WRITE LINE: 
[2023-05-16 10:42:13Z INFO ConfigurationManager] Test Connection complete.
[2023-05-16 10:42:13Z INFO HostContext] Well known directory 'Bin': 'C:\Users\prome\Documents\Data\CICDDemo\ci-cd\action-runners\bin'
[2023-05-16 10:42:13Z INFO HostContext] Well known directory 'Root': 'C:\Users\prome\Documents\Data\CICDDemo\ci-cd\action-runners'
[2023-05-16 10:42:13Z INFO HostContext] Well known config file 'RSACredentials': 'C:\Users\prome\Documents\Data\CICDDemo\ci-cd\action-runners\.credentials_rsaparams'
[2023-05-16 10:42:13Z INFO RSAEncryptedFileKeyManager] Creating new RSA key using 2048-bit key length
[2023-05-16 10:42:13Z INFO RSAEncryptedFileKeyManager] Successfully saved RSA key parameters to file C:\Users\prome\Documents\Data\CICDDemo\ci-cd\action-runners\.credentials_rsaparams
[2023-05-16 10:42:13Z INFO CommandSettings] Arg 'runnergroup': ''
[2023-05-16 10:42:13Z INFO CommandSettings] Flag 'unattended': 'False'
[2023-05-16 10:42:13Z INFO PromptManager] ReadValue
[2023-05-16 10:42:13Z INFO Terminal] WRITE: Enter the name of the runner group to add this runner to: 
[2023-05-16 10:42:13Z INFO Terminal] WRITE: [press Enter for Default] 
[2023-05-16 10:42:13Z INFO Terminal] READ LINE
[2023-05-16 10:42:30Z INFO Terminal] Read value: ''
[2023-05-16 10:42:30Z INFO PromptManager] Falling back to the default: 'Default'
[2023-05-16 10:42:30Z INFO Terminal] WRITE LINE: 
[2023-05-16 10:42:30Z INFO ConfigurationManager] Found a self-hosted runner group with id 1 and name Default
[2023-05-16 10:42:30Z INFO CommandSettings] Flag 'disableupdate': 'False'
[2023-05-16 10:42:30Z INFO CommandSettings] Flag 'ephemeral': 'False'
[2023-05-16 10:42:30Z INFO CommandSettings] Arg 'name': ''
[2023-05-16 10:42:30Z INFO CommandSettings] Flag 'unattended': 'False'
[2023-05-16 10:42:30Z INFO PromptManager] ReadValue
[2023-05-16 10:42:30Z INFO Terminal] WRITE: Enter the name of runner: 
[2023-05-16 10:42:30Z INFO Terminal] WRITE: [press Enter for DESKTOP-N0293L2] 
[2023-05-16 10:42:30Z INFO Terminal] READ LINE
[2023-05-16 10:42:34Z INFO Terminal] Read value: ''
[2023-05-16 10:42:34Z INFO PromptManager] Falling back to the default: 'DESKTOP-N0293L2'
[2023-05-16 10:42:34Z INFO Terminal] WRITE LINE: 
[2023-05-16 10:42:34Z INFO CommandSettings] Arg 'labels': ''
[2023-05-16 10:42:34Z INFO CommandSettings] Flag 'unattended': 'False'
[2023-05-16 10:42:34Z INFO PromptManager] ReadValue
[2023-05-16 10:42:34Z INFO Terminal] WRITE: This runner will have the following labels: 'self-hosted', 'Windows', 'X64' 
Enter any additional labels (ex. label-1,label-2): 
[2023-05-16 10:42:34Z INFO Terminal] WRITE: [press Enter to skip] 
[2023-05-16 10:42:34Z INFO Terminal] READ LINE
[2023-05-16 10:42:46Z INFO Terminal] Read value: ''
[2023-05-16 10:42:46Z INFO Terminal] WRITE LINE: 
[2023-05-16 10:42:47Z INFO CommandSettings] Flag 'disableupdate': 'False'
[2023-05-16 10:42:48Z INFO CommandSettings] Flag 'disableupdate': 'False'
[2023-05-16 10:42:48Z INFO CommandSettings] Flag 'ephemeral': 'False'
[2023-05-16 10:42:48Z INFO ConfigurationStore] Saving OAuth credential @ C:\Users\prome\Documents\Data\CICDDemo\ci-cd\action-runners\.credentials
[2023-05-16 10:42:48Z INFO ConfigurationStore] Credentials Saved.
[2023-05-16 10:42:48Z INFO ConfigurationStore] HasCredentials()
[2023-05-16 10:42:48Z INFO ConfigurationStore] stored True
[2023-05-16 10:42:48Z INFO CredentialManager] GetCredentialProvider
[2023-05-16 10:42:48Z INFO CredentialManager] Creating type OAuth
[2023-05-16 10:42:48Z INFO CredentialManager] Creating credential type: OAuth
[2023-05-16 10:42:48Z INFO RSAEncryptedFileKeyManager] Loading RSA key parameters from file C:\Users\prome\Documents\Data\CICDDemo\ci-cd\action-runners\.credentials_rsaparams
[2023-05-16 10:42:48Z INFO RunnerServer] EstablishVssConnection
[2023-05-16 10:42:48Z INFO RunnerServer] Establish connection with 100 seconds timeout.
[2023-05-16 10:42:48Z INFO GitHubActionsService] Starting operation Location.GetConnectionData
[2023-05-16 10:42:48Z INFO RunnerServer] EstablishVssConnection
[2023-05-16 10:42:48Z INFO RunnerServer] Establish connection with 60 seconds timeout.
[2023-05-16 10:42:48Z INFO GitHubActionsService] Starting operation Location.GetConnectionData
[2023-05-16 10:42:48Z INFO RunnerServer] EstablishVssConnection
[2023-05-16 10:42:48Z INFO RunnerServer] Establish connection with 60 seconds timeout.
[2023-05-16 10:42:48Z INFO GitHubActionsService] Starting operation Location.GetConnectionData
[2023-05-16 10:42:49Z INFO GitHubActionsService] Finished operation Location.GetConnectionData
[2023-05-16 10:42:49Z INFO GitHubActionsService] Finished operation Location.GetConnectionData
[2023-05-16 10:42:49Z INFO GitHubActionsService] Finished operation Location.GetConnectionData
[2023-05-16 10:42:49Z INFO RSAEncryptedFileKeyManager] Loading RSA key parameters from file C:\Users\prome\Documents\Data\CICDDemo\ci-cd\action-runners\.credentials_rsaparams
[2023-05-16 10:42:49Z INFO RSAEncryptedFileKeyManager] Loading RSA key parameters from file C:\Users\prome\Documents\Data\CICDDemo\ci-cd\action-runners\.credentials_rsaparams
[2023-05-16 10:42:49Z INFO GitHubActionsService] AAD Correlation ID for this token request: Unknown
[2023-05-16 10:42:49Z INFO CommandSettings] Arg 'work': ''
[2023-05-16 10:42:49Z INFO CommandSettings] Flag 'unattended': 'False'
[2023-05-16 10:42:49Z INFO PromptManager] ReadValue
[2023-05-16 10:42:49Z INFO Terminal] WRITE: Enter name of work folder: 
[2023-05-16 10:42:49Z INFO Terminal] WRITE: [press Enter for _work] 
[2023-05-16 10:42:49Z INFO Terminal] READ LINE
[2023-05-16 10:42:57Z INFO Terminal] Read value: ''
[2023-05-16 10:42:57Z INFO PromptManager] Falling back to the default: '_work'
[2023-05-16 10:42:57Z INFO ConfigurationStore] Saving runner settings.
[2023-05-16 10:42:57Z INFO ConfigurationStore] Settings Saved.
[2023-05-16 10:42:57Z INFO Terminal] WRITE LINE: 
[2023-05-16 10:42:57Z INFO Terminal] WRITE LINE: 
[2023-05-16 10:42:57Z INFO CommandSettings] Flag 'runasservice': 'False'
[2023-05-16 10:42:57Z INFO CommandSettings] Flag 'unattended': 'False'
[2023-05-16 10:42:57Z INFO PromptManager] ReadValue
[2023-05-16 10:42:57Z INFO Terminal] WRITE: Would you like to run the runner as service? (Y/N) 
[2023-05-16 10:42:57Z INFO Terminal] WRITE: [press Enter for N] 
[2023-05-16 10:42:57Z INFO Terminal] READ LINE
[2023-05-16 10:43:15Z INFO Terminal] Read value: ''
[2023-05-16 10:43:15Z INFO PromptManager] Falling back to the default: 'N'
[2023-05-16 10:43:15Z INFO Listener] Runner execution has finished with return code 0
